<?xml version="1.0" encoding="UTF-8"?>
<testng-results ignored="0" total="2" passed="1" failed="1" skipped="0">
  <reporter-output>
  </reporter-output>
  <suite started-at="2021-02-13T13:52:19 IST" name="Test Suite" finished-at="2021-02-13T13:52:23 IST" duration-ms="4070">
    <groups>
    </groups>
    <test started-at="2021-02-13T13:52:19 IST" name="BasicTest" finished-at="2021-02-13T13:52:23 IST" duration-ms="4070">
      <class name="automation.bootcamp.nop.tests.LoginPageTest">
        <test-method is-config="true" signature="loadData()[pri:0, instance:automation.bootcamp.nop.tests.LoginPageTest@327b636c]" started-at="2021-02-13T13:52:19 IST" name="loadData" finished-at="2021-02-13T13:52:19 IST" duration-ms="11" status="PASS">
          <reporter-output>
          </reporter-output>
        </test-method> <!-- loadData -->
        <test-method signature="verifyLoginErrors()[pri:0, instance:automation.bootcamp.nop.tests.LoginPageTest@327b636c]" started-at="2021-02-13T13:52:19 IST" name="verifyLoginErrors" finished-at="2021-02-13T13:52:23 IST" duration-ms="4032" status="PASS">
          <reporter-output>
          </reporter-output>
        </test-method> <!-- verifyLoginErrors -->
        <test-method signature="performLogin()[pri:0, instance:automation.bootcamp.nop.tests.LoginPageTest@327b636c]" started-at="2021-02-13T13:52:19 IST" name="performLogin" finished-at="2021-02-13T13:52:23 IST" duration-ms="3965" status="FAIL">
          <exception class="java.lang.Error">
            <message>
              <![CDATA[Unresolved compilation problem: 
Cannot make a static reference to the non-static method getProperty(String) from the type PropertyReader
]]>
            </message>
            <full-stacktrace>
              <![CDATA[java.lang.Error: Unresolved compilation problem: 
Cannot make a static reference to the non-static method getProperty(String) from the type PropertyReader

at automation.bootcamp.nop.pages.LoginPage.<init>(LoginPage.java:11)
at automation.bootcamp.nop.tests.LoginPageTest.performLogin(LoginPageTest.java:26)
at java.base/jdk.internal.reflect.NativeMethodAccessorImpl.invoke0(Native Method)
at java.base/jdk.internal.reflect.NativeMethodAccessorImpl.invoke(NativeMethodAccessorImpl.java:64)
at java.base/jdk.internal.reflect.DelegatingMethodAccessorImpl.invoke(DelegatingMethodAccessorImpl.java:43)
at java.base/java.lang.reflect.Method.invoke(Method.java:564)
at org.testng.internal.MethodInvocationHelper.invokeMethod(MethodInvocationHelper.java:134)
at org.testng.internal.TestInvoker.invokeMethod(TestInvoker.java:597)
at org.testng.internal.TestInvoker.invokeTestMethod(TestInvoker.java:173)
at org.testng.internal.MethodRunner.runInSequence(MethodRunner.java:46)
at org.testng.internal.TestInvoker$MethodInvocationAgent.invoke(TestInvoker.java:816)
at org.testng.internal.TestInvoker.invokeTestMethods(TestInvoker.java:146)
at org.testng.internal.TestMethodWorker.invokeTestMethods(TestMethodWorker.java:146)
at org.testng.internal.TestMethodWorker.run(TestMethodWorker.java:128)
at java.base/java.util.concurrent.ThreadPoolExecutor.runWorker(ThreadPoolExecutor.java:1130)
at java.base/java.util.concurrent.ThreadPoolExecutor$Worker.run(ThreadPoolExecutor.java:630)
at java.base/java.lang.Thread.run(Thread.java:832)
]]>
            </full-stacktrace>
          </exception> <!-- java.lang.Error -->
          <reporter-output>
          </reporter-output>
        </test-method> <!-- performLogin -->
      </class> <!-- automation.bootcamp.nop.tests.LoginPageTest -->
    </test> <!-- BasicTest -->
  </suite> <!-- Test Suite -->
</testng-results>
