<?xml version="1.0" encoding="UTF-8"?>
<!-- Generated by org.testng.reporters.JUnitXMLReporter -->
<testsuite ignored="4" hostname="Kunals-MacBook-Pro.local" failures="0" tests="0" time="0.006" errors="0" timestamp="2021-02-04T22:42:38 IST">
  <testcase classname="bootcamp.test.BasicTest" name="a" time="0.0">
    <ignored/>
  </testcase> <!-- a -->
  <testcase classname="bootcamp.test.TestPriority" name="c1" time="0.0">
    <ignored/>
  </testcase> <!-- c1 -->
  <testcase classname="bootcamp.test.TestPriority" name="c2" time="0.0">
    <ignored/>
  </testcase> <!-- c2 -->
  <testcase classname="bootcamp.test.TestPriority" name="c3" time="0.0">
    <ignored/>
  </testcase> <!-- c3 -->
</testsuite>
