<?xml version="1.0" encoding="UTF-8"?>
<!-- Generated by org.testng.reporters.JUnitXMLReporter -->
<testsuite ignored="1" hostname="Kunals-MacBook-Pro.local" failures="0" tests="2" name="Tests" time="0.04" errors="0" timestamp="2021-02-03T21:01:23 IST">
  <testcase classname="bootcamp.test.TestPriority" name="c3" time="0.006"/>
  <testcase classname="bootcamp.test.TestPriority" name="c1" time="0.001"/>
  <testcase classname="bootcamp.test.TestPriority" name="c2" time="0.0">
    <ignored/>
  </testcase> <!-- c2 -->
</testsuite> <!-- Tests -->
