<?xml version="1.0" encoding="UTF-8"?>
<!-- Generated by org.testng.reporters.JUnitXMLReporter -->
<testsuite ignored="1" hostname="Kunals-MacBook-Pro.local" failures="0" tests="1" name="Default test" time="13.575" errors="0" timestamp="2021-02-14T13:07:54 IST">
  <testcase classname="automation.bootcamp.nop.tests.LoginPageTest" name="verifyLoginErrors" time="13.517"/>
  <testcase classname="automation.bootcamp.nop.tests.LoginPageTest" name="performLogin" time="0.0">
    <ignored/>
  </testcase> <!-- performLogin -->
</testsuite> <!-- Default test -->
