<?xml version="1.0" encoding="UTF-8"?>
<!-- Generated by org.testng.reporters.JUnitXMLReporter -->
<testsuite ignored="2" hostname="Kunals-MacBook-Pro.local" failures="0" tests="1" name="BasccTest2" time="0.004" errors="0" timestamp="2021-02-06T10:58:43 IST">
  <testcase classname="bootcamp.testng.ExecutionOrder" name="test2" time="0.002"/>
  <testcase classname="bootcamp.testng.ExecutionOrder" name="test3" time="0.0">
    <ignored/>
  </testcase> <!-- test3 -->
  <testcase classname="bootcamp.testng.ExecutionOrder" name="test1" time="0.0">
    <ignored/>
  </testcase> <!-- test1 -->
</testsuite> <!-- BasccTest2 -->
