<?xml version="1.0" encoding="UTF-8"?>
<!-- Generated by org.testng.reporters.JUnitXMLReporter -->
<testsuite ignored="0" hostname="Kunals-MacBook-Pro.local" failures="0" tests="3" name="BasicTest2" time="0.006" errors="0" timestamp="2021-02-06T10:57:41 IST">
  <testcase classname="bootcamp.testng.ExecutionOrder_Issue" name="a" time="0.001"/>
  <testcase classname="bootcamp.testng.ExecutionOrder_Issue" name="b" time="0.001"/>
  <testcase classname="bootcamp.testng.ExecutionOrder_Issue" name="c" time="0.001"/>
</testsuite> <!-- BasicTest2 -->
