<?xml version="1.0" encoding="UTF-8"?>
<!-- Generated by org.testng.reporters.JUnitXMLReporter -->
<testsuite ignored="2" hostname="Kunals-MacBook-Pro.local" failures="0" tests="2" name="BasucTest" time="0.049" errors="0" timestamp="2021-02-06T09:30:58 IST">
  <testcase classname="bootcamp.testng.BasicTest" name="test1" time="0.008"/>
  <testcase classname="bootcamp.testng.ExecutionOrder" name="test2" time="0.001"/>
  <testcase classname="bootcamp.testng.ExecutionOrder" name="test3" time="0.0">
    <ignored/>
  </testcase> <!-- test3 -->
  <testcase classname="bootcamp.testng.ExecutionOrder" name="test1" time="0.0">
    <ignored/>
  </testcase> <!-- test1 -->
</testsuite> <!-- BasucTest -->
