<?xml version="1.0" encoding="UTF-8"?>
<testng-results ignored="1" total="2" passed="1" failed="0" skipped="0">
  <reporter-output>
  </reporter-output>
  <suite started-at="2021-02-14T13:07:41 IST" name="Default suite" finished-at="2021-02-14T13:07:54 IST" duration-ms="13575">
    <groups>
    </groups>
    <test started-at="2021-02-14T13:07:41 IST" name="Default test" finished-at="2021-02-14T13:07:54 IST" duration-ms="13575">
      <class name="automation.bootcamp.nop.tests.LoginPageTest">
        <test-method signature="verifyLoginErrors()[pri:0, instance:automation.bootcamp.nop.tests.LoginPageTest@3a079870]" started-at="2021-02-14T13:07:41 IST" name="verifyLoginErrors" finished-at="2021-02-14T13:07:54 IST" duration-ms="13517" status="PASS">
          <reporter-output>
          </reporter-output>
        </test-method> <!-- verifyLoginErrors -->
      </class> <!-- automation.bootcamp.nop.tests.LoginPageTest -->
    </test> <!-- Default test -->
  </suite> <!-- Default suite -->
</testng-results>
