<?xml version="1.0" encoding="UTF-8"?>
<!-- Generated by org.testng.reporters.JUnitXMLReporter -->
<testsuite ignored="0" hostname="Kunals-MacBook-Pro.local" failures="1" tests="2" name="BasicTest" time="3.291" errors="0" timestamp="2021-02-13T15:34:13 IST">
  <testcase classname="automation.bootcamp.nop.tests.LoginPageTest" name="performLogin" time="3.232">
    <failure type="java.lang.Error" message="Unresolved compilation problem: 
	Cannot make a static reference to the non-static method getProperty(String) from the type PropertyReader
">
      <![CDATA[java.lang.Error: Unresolved compilation problem: 
Cannot make a static reference to the non-static method getProperty(String) from the type PropertyReader

at automation.bootcamp.nop.pages.LoginPage.<init>(LoginPage.java:11)
at automation.bootcamp.nop.tests.LoginPageTest.performLogin(LoginPageTest.java:27)
at java.base/java.util.concurrent.ThreadPoolExecutor.runWorker(ThreadPoolExecutor.java:1130)
at java.base/java.util.concurrent.ThreadPoolExecutor$Worker.run(ThreadPoolExecutor.java:630)
at java.base/java.lang.Thread.run(Thread.java:832)
... Removed 12 stack frames]]>
    </failure>
  </testcase> <!-- performLogin -->
  <testcase classname="automation.bootcamp.nop.tests.LoginPageTest" name="verifyLoginErrors" time="3.231"/>
</testsuite> <!-- BasicTest -->
