<?xml version="1.0" encoding="UTF-8"?>
<testng-results ignored="1" total="6" passed="5" failed="0" skipped="0">
  <reporter-output>
  </reporter-output>
  <suite started-at="2021-02-14T10:28:50 IST" name="Default suite" finished-at="2021-02-14T10:28:50 IST" duration-ms="132">
    <groups>
    </groups>
    <test started-at="2021-02-14T10:28:50 IST" name="Default test" finished-at="2021-02-14T10:28:50 IST" duration-ms="132">
      <class name="bootcamp.testng.DataProviderTest">
        <test-method signature="reemDataTest(com.google.gson.JsonObject)[pri:0, instance:bootcamp.testng.DataProviderTest@2cbb3d47]" started-at="2021-02-14T10:28:50 IST" name="reemDataTest" data-provider="reemData" finished-at="2021-02-14T10:28:50 IST" duration-ms="12" status="PASS">
          <params>
            <param index="0">
              <value>
                <![CDATA[{"firstName":"Mona","lastName":"Mohamed","email":"","password":"1234@","isActive":false,"alertMessage":"An email address required."}]]>
              </value>
            </param>
          </params>
          <reporter-output>
          </reporter-output>
        </test-method> <!-- reemDataTest -->
        <test-method signature="reemDataTest(com.google.gson.JsonObject)[pri:0, instance:bootcamp.testng.DataProviderTest@2cbb3d47]" started-at="2021-02-14T10:28:50 IST" name="reemDataTest" data-provider="reemData" finished-at="2021-02-14T10:28:50 IST" duration-ms="1" status="PASS">
          <params>
            <param index="0">
              <value>
                <![CDATA[{"firstName":"Reem","lastName":"Alim","email":"reemalim85.com","password":"","isActive":false,"alertMessage":"Password is required."}]]>
              </value>
            </param>
          </params>
          <reporter-output>
          </reporter-output>
        </test-method> <!-- reemDataTest -->
        <test-method signature="reemDataTest(com.google.gson.JsonObject)[pri:0, instance:bootcamp.testng.DataProviderTest@2cbb3d47]" started-at="2021-02-14T10:28:50 IST" name="reemDataTest" data-provider="reemData" finished-at="2021-02-14T10:28:50 IST" duration-ms="1" status="PASS">
          <params>
            <param index="0">
              <value>
                <![CDATA[{"firstName":"Hadeel","lastName":"omar","email":"hadeel85@gmail.com","password":"1234@5","isActive":false,"alertMessage":"Authentication failed."}]]>
              </value>
            </param>
          </params>
          <reporter-output>
          </reporter-output>
        </test-method> <!-- reemDataTest -->
        <test-method signature="reemDataTest(com.google.gson.JsonObject)[pri:0, instance:bootcamp.testng.DataProviderTest@2cbb3d47]" started-at="2021-02-14T10:28:50 IST" name="reemDataTest" data-provider="reemData" finished-at="2021-02-14T10:28:50 IST" duration-ms="0" status="PASS">
          <params>
            <param index="0">
              <value>
                <![CDATA[{"firstName":"Shinnawy","lastName":"Mohamed","email":"ADFFFF","password":"1234@5","isActive":false,"alertMessage":"Invalid email address."}]]>
              </value>
            </param>
          </params>
          <reporter-output>
          </reporter-output>
        </test-method> <!-- reemDataTest -->
        <test-method signature="reemDataTest(com.google.gson.JsonObject)[pri:0, instance:bootcamp.testng.DataProviderTest@2cbb3d47]" started-at="2021-02-14T10:28:50 IST" name="reemDataTest" data-provider="reemData" finished-at="2021-02-14T10:28:50 IST" duration-ms="1" status="PASS">
          <params>
            <param index="0">
              <value>
                <![CDATA[{"firstName":"Reem","lastName":"Alim","email":"reemalim85@gmail.com","password":"Reem@lim85","isActive":true,"alertMessage":"Welcome to your account. Here you can manage all of your personal information and orders."}]]>
              </value>
            </param>
          </params>
          <reporter-output>
          </reporter-output>
        </test-method> <!-- reemDataTest -->
      </class> <!-- bootcamp.testng.DataProviderTest -->
    </test> <!-- Default test -->
  </suite> <!-- Default suite -->
</testng-results>
