<?xml version="1.0" encoding="UTF-8"?>
<!-- Generated by org.testng.reporters.JUnitXMLReporter -->
<testsuite ignored="3" hostname="Kunals-MacBook-Pro.local" failures="0" tests="2" name="GRP-G1" time="0.032" errors="0" timestamp="2021-01-30T22:19:30 IST">
  <testcase classname="bootcamp.test.TestGroup" name="a" time="0.005"/>
  <testcase classname="bootcamp.test.TestGroup" name="c" time="0.0"/>
  <testcase classname="bootcamp.test.TestGroup" name="b" time="0.0">
    <ignored/>
  </testcase> <!-- b -->
  <testcase classname="bootcamp.test.TestGroup" name="d" time="0.0">
    <ignored/>
  </testcase> <!-- d -->
  <testcase classname="bootcamp.test.TestGroup" name="f" time="0.0">
    <ignored/>
  </testcase> <!-- f -->
</testsuite> <!-- GRP-G1 -->
