<?xml version="1.0" encoding="UTF-8"?>
<!-- Generated by org.testng.reporters.JUnitXMLReporter -->
<testsuite ignored="1" hostname="Kunals-MacBook-Pro.local" failures="0" tests="3" name="GRP-login" time="0.067" errors="0" timestamp="2021-01-31T13:21:41 IST">
  <testcase classname="bootcamp.testng.Groups" name="forgotUsername" time="0.008"/>
  <testcase classname="bootcamp.testng.Groups" name="loginWithInValidCreds" time="0.003"/>
  <testcase classname="bootcamp.testng.Groups" name="loginWithValidCreds" time="0.002"/>
  <testcase classname="bootcamp.testng.Groups" name="forgotPassword" time="0.0">
    <ignored/>
  </testcase> <!-- forgotPassword -->
</testsuite> <!-- GRP-login -->
