<?xml version="1.0" encoding="UTF-8"?>
<!-- Generated by org.testng.reporters.JUnitXMLReporter -->
<testsuite ignored="1" hostname="Kunals-MacBook-Pro.local" failures="0" tests="5" name="Default test" time="0.132" errors="0" timestamp="2021-02-14T10:28:51 IST">
  <testcase classname="bootcamp.testng.DataProviderTest" name="reemDataTest" time="0.012"/>
  <testcase classname="bootcamp.testng.DataProviderTest" name="reemDataTest" time="0.001"/>
  <testcase classname="bootcamp.testng.DataProviderTest" name="reemDataTest" time="0.001"/>
  <testcase classname="bootcamp.testng.DataProviderTest" name="reemDataTest" time="0.0"/>
  <testcase classname="bootcamp.testng.DataProviderTest" name="reemDataTest" time="0.001"/>
  <testcase classname="bootcamp.testng.DataProviderTest" name="login" time="0.0">
    <ignored/>
  </testcase> <!-- login -->
</testsuite> <!-- Default test -->
